<?xml version="1.0" encoding="utf-8"?><testsuites name="pytest tests"><testsuite name="pytest" errors="0" failures="0" skipped="0" tests="12" time="24.224" timestamp="2026-04-22T20:23:19.690400+00:00" hostname="agent-env-3529a54d-e5cb-4c3f-8be5-1845c9b0f3e2"><testcase classname="backend.tests.test_neuroscout_api.TestHealth" name="test_health" time="0.169" /><testcase classname="backend.tests.test_neuroscout_api.TestValidation" name="test_empty_query_returns_422" time="0.161" /><testcase classname="backend.tests.test_neuroscout_api.TestValidation" name="test_too_short_query_returns_422" time="0.186" /><testcase classname="backend.tests.test_neuroscout_api.TestValidation" name="test_query_over_500_chars_returns_422" time="0.145" /><testcase classname="backend.tests.test_neuroscout_api.TestValidation" name="test_missing_query_returns_422" time="0.109" /><testcase classname="backend.tests.test_neuroscout_api.TestResearchStream" name="test_stream_produces_expected_event_sequence" time="22.419" /><testcase classname="backend.tests.test_neuroscout_api.TestResearchStream" name="test_final_report_shape" time="0.000" /><testcase classname="backend.tests.test_neuroscout_api.TestSessions" name="test_list_sessions_contains_created" time="0.272" /><testcase classname="backend.tests.test_neuroscout_api.TestSessions" name="test_get_session_detail" time="0.143" /><testcase classname="backend.tests.test_neuroscout_api.TestSessions" name="test_get_session_detail_not_found" time="0.163" /><testcase classname="backend.tests.test_neuroscout_api.TestSessions" name="test_delete_session" time="0.203" /><testcase classname="backend.tests.test_neuroscout_api.TestSessions" name="test_delete_session_not_found" time="0.165" /></testsuite></testsuites>